#
# There is insufficient memory for the Java Runtime Environment to continue.
# Native memory allocation (mmap) failed to map 79167488 bytes for committing reserved memory.
# Possible reasons:
#   The system is out of physical RAM or swap space
#   In 32 bit mode, the process size limit was hit
# Possible solutions:
#   Reduce memory load on the system
#   Increase physical memory or swap space
#   Check if swap backing store is full
#   Use 64 bit Java on a 64 bit OS
#   Decrease Java heap size (-Xmx/-Xms)
#   Decrease number of Java threads
#   Decrease Java thread stack sizes (-Xss)
#   Set larger code cache with -XX:ReservedCodeCacheSize=
# This output file may be truncated or incomplete.
#
#  Out of Memory Error (os_linux.cpp:2630), pid=6469, tid=0x00007f66b61ff700
#
# JRE version: OpenJDK Runtime Environment (8.0_121-b13) (build 1.8.0_121-8u121-b13-0ubuntu1.16.10.2-b13)
# Java VM: OpenJDK 64-Bit Server VM (25.121-b13 mixed mode linux-amd64 compressed oops)
# Failed to write core dump. Core dumps have been disabled. To enable core dumping, try "ulimit -c unlimited" before starting Java again
#

---------------  T H R E A D  ---------------

Current thread (0x00007f66cc079800):  VMThread [stack: 0x00007f66b60ff000,0x00007f66b6200000] [id=6502]

Stack: [0x00007f66b60ff000,0x00007f66b6200000],  sp=0x00007f66b61fe480,  free space=1021k
Native frames: (J=compiled Java code, j=interpreted, Vv=VM code, C=native code)
V  [libjvm.so+0xa6be70]  VMError::report_and_die()+0x160
V  [libjvm.so+0x4c52fc]  report_vm_out_of_memory(char const*, int, unsigned long, VMErrorType, char const*)+0xac
V  [libjvm.so+0x8babe0]  os::pd_commit_memory(char*, unsigned long, unsigned long, bool)+0xf0
V  [libjvm.so+0x8b526e]  os::commit_memory(char*, unsigned long, unsigned long, bool)+0x2e
V  [libjvm.so+0x92fc6e]  PSVirtualSpace::expand_by(unsigned long)+0x4e
V  [libjvm.so+0x91f27a]  PSOldGen::expand_by(unsigned long) [clone .part.28]+0x2a
V  [libjvm.so+0x91f45b]  PSOldGen::expand(unsigned long) [clone .part.29]+0xbb
V  [libjvm.so+0x91fe05]  PSOldGen::resize(unsigned long)+0xf5
V  [libjvm.so+0x925fee]  PSParallelCompact::invoke_no_policy(bool) [clone .part.119]+0xa5e
V  [libjvm.so+0x92da9d]  PSScavenge::invoke()+0x1fd
V  [libjvm.so+0x8df273]  ParallelScavengeHeap::failed_mem_allocate(unsigned long)+0x63
V  [libjvm.so+0xa6dae2]  VM_ParallelGCFailedAllocation::doit()+0x92
V  [libjvm.so+0xa72c57]  VM_Operation::evaluate()+0x47
V  [libjvm.so+0xa703e7]  VMThread::evaluate_operation(VM_Operation*) [clone .constprop.30]+0xe7
V  [libjvm.so+0xa71866]  VMThread::loop()+0x246
V  [libjvm.so+0xa71d61]  VMThread::run()+0x81
V  [libjvm.so+0x8b8172]  java_start(Thread*)+0xf2

VM_Operation (0x00007f667fbfd190): ParallelGCFailedAllocation, mode: safepoint, requested by thread 0x00007f66cc1b5800


---------------  P R O C E S S  ---------------

Java Threads: ( => current thread )
  0x00007f66cc1b5800 JavaThread "jscompiler" daemon [_thread_blocked, id=6512, stack(0x00007f667f9ff000,0x00007f667fc00000)]
  0x00007f66cc0c3800 JavaThread "Service Thread" daemon [_thread_blocked, id=6509, stack(0x00007f66b571f000,0x00007f66b5820000)]
  0x00007f66cc0b4000 JavaThread "C1 CompilerThread2" daemon [_thread_blocked, id=6508, stack(0x00007f66b5820000,0x00007f66b5921000)]
  0x00007f66cc0b2800 JavaThread "C2 CompilerThread1" daemon [_thread_blocked, id=6507, stack(0x00007f66b5921000,0x00007f66b5a22000)]
  0x00007f66cc0af800 JavaThread "C2 CompilerThread0" daemon [_thread_blocked, id=6506, stack(0x00007f66b5a22000,0x00007f66b5b23000)]
  0x00007f66cc0ad800 JavaThread "Signal Dispatcher" daemon [_thread_blocked, id=6505, stack(0x00007f66b5b23000,0x00007f66b5c24000)]
  0x00007f66cc085800 JavaThread "Finalizer" daemon [_thread_blocked, id=6504, stack(0x00007f66b5efd000,0x00007f66b5ffe000)]
  0x00007f66cc081000 JavaThread "Reference Handler" daemon [_thread_blocked, id=6503, stack(0x00007f66b5ffe000,0x00007f66b60ff000)]
  0x00007f66cc00c000 JavaThread "main" [_thread_blocked, id=6497, stack(0x00007f66d4cf4000,0x00007f66d4df5000)]

Other Threads:
=>0x00007f66cc079800 VMThread [stack: 0x00007f66b60ff000,0x00007f66b6200000] [id=6502]
  0x00007f66cc0c6000 WatcherThread [stack: 0x00007f66b561e000,0x00007f66b571f000] [id=6510]

VM state:at safepoint (normal execution)

VM Mutex/Monitor currently owned by a thread:  ([mutex/lock_event])
[0x00007f66cc007f30] ExpandHeap_lock - owner thread: 0x00007f66cc079800
[0x00007f66cc0085b0] Threads_lock - owner thread: 0x00007f66cc079800
[0x00007f66cc008ab0] Heap_lock - owner thread: 0x00007f66cc1b5800

Heap:
 PSYoungGen      total 273920K, used 0K [0x00000000ec000000, 0x0000000100000000, 0x0000000100000000)
  eden space 258048K, 0% used [0x00000000ec000000,0x00000000ec000000,0x00000000fbc00000)
  from space 15872K, 0% used [0x00000000ff080000,0x00000000ff080000,0x0000000100000000)
  to   space 34816K, 0% used [0x00000000fbc00000,0x00000000fbc00000,0x00000000fde00000)
 ParOldGen       total 96768K, used 86270K [0x00000000c4000000, 0x00000000c9e80000, 0x00000000ec000000)
  object space 96768K, 89% used [0x00000000c4000000,0x00000000c943fb00,0x00000000c9e80000)
 Metaspace       used 34997K, capacity 46447K, committed 46888K, reserved 1083392K
  class space    used 8420K, capacity 12152K, committed 12328K, reserved 1048576K

Card table byte_map: [0x00007f66d11cf000,0x00007f66d13b0000] byte_map_base: 0x00007f66d0baf000

Marking Bits: (ParMarkBitMap*) 0x00007f66d3fcd220
 Begin Bits: [0x00007f66b6200000, 0x00007f66b7100000)
 End Bits:   [0x00007f66b7100000, 0x00007f66b8000000)

Polling page: 0x00007f66d4e1c000

CodeCache: size=245760Kb used=13424Kb max_used=13424Kb free=232335Kb
 bounds [0x00007f66bd000000, 0x00007f66bdd20000, 0x00007f66cc000000]
 total_blobs=5671 nmethods=5291 adapters=293
 compilation: enabled

Compilation events (10 events):
Event: 19.176 Thread 0x00007f66cc0b4000 5295       1       com.google.javascript.jscomp.Var$Arguments::declarationType (2 bytes)
Event: 19.176 Thread 0x00007f66cc0b4000 nmethod 5295 0x00007f66bdd1ba50 code [0x00007f66bdd1bba0, 0x00007f66bdd1bcb0]
Event: 19.180 Thread 0x00007f66cc0b4000 5296       1       com.google.javascript.jscomp.NodeUtil::has (54 bytes)
Event: 19.181 Thread 0x00007f66cc0b4000 nmethod 5296 0x00007f66bdd1bd10 code [0x00007f66bdd1bea0, 0x00007f66bdd1c0c8]
Event: 19.181 Thread 0x00007f66cc0b4000 5297       1       com.google.javascript.jscomp.FlowSensitiveInlineVariables$Candidate$1::apply (9 bytes)
Event: 19.181 Thread 0x00007f66cc0b4000 nmethod 5297 0x00007f66bdd1c210 code [0x00007f66bdd1c380, 0x00007f66bdd1c4e8]
Event: 19.183 Thread 0x00007f66cc0b4000 5298       1       com.google.javascript.jscomp.FlowSensitiveInlineVariables$Candidate$2::apply (9 bytes)
Event: 19.183 Thread 0x00007f66cc0b4000 nmethod 5298 0x00007f66bdd1c590 code [0x00007f66bdd1c700, 0x00007f66bdd1c890]
Event: 19.183 Thread 0x00007f66cc0b4000 5299       1       com.google.javascript.jscomp.FlowSensitiveInlineVariables$Candidate$2::apply (13 bytes)
Event: 19.183 Thread 0x00007f66cc0b4000 nmethod 5299 0x00007f66bdd1c950 code [0x00007f66bdd1caa0, 0x00007f66bdd1cbf0]

GC Heap History (10 events):
Event: 13.794 GC heap after
Heap after GC invocations=23 (full 3):
 PSYoungGen      total 311296K, used 8992K [0x00000000ec000000, 0x0000000100000000, 0x0000000100000000)
  eden space 296960K, 0% used [0x00000000ec000000,0x00000000ec000000,0x00000000fe200000)
  from space 14336K, 62% used [0x00000000ff080000,0x00000000ff948000,0x00000000ffe80000)
  to   space 14848K, 0% used [0x00000000fe200000,0x00000000fe200000,0x00000000ff080000)
 ParOldGen       total 96768K, used 39647K [0x00000000c4000000, 0x00000000c9e80000, 0x00000000ec000000)
  object space 96768K, 40% used [0x00000000c4000000,0x00000000c66b7f08,0x00000000c9e80000)
 Metaspace       used 30052K, capacity 41025K, committed 42408K, reserved 1079296K
  class space    used 7634K, capacity 11242K, committed 11688K, reserved 1048576K
}
Event: 14.849 GC heap before
{Heap before GC invocations=24 (full 3):
 PSYoungGen      total 311296K, used 305952K [0x00000000ec000000, 0x0000000100000000, 0x0000000100000000)
  eden space 296960K, 100% used [0x00000000ec000000,0x00000000fe200000,0x00000000fe200000)
  from space 14336K, 62% used [0x00000000ff080000,0x00000000ff948000,0x00000000ffe80000)
  to   space 14848K, 0% used [0x00000000fe200000,0x00000000fe200000,0x00000000ff080000)
 ParOldGen       total 96768K, used 39647K [0x00000000c4000000, 0x00000000c9e80000, 0x00000000ec000000)
  object space 96768K, 40% used [0x00000000c4000000,0x00000000c66b7f08,0x00000000c9e80000)
 Metaspace       used 30598K, capacity 41983K, committed 42408K, reserved 1079296K
  class space    used 7819K, capacity 11544K, committed 11688K, reserved 1048576K
Event: 14.858 GC heap after
Heap after GC invocations=24 (full 3):
 PSYoungGen      total 311808K, used 9865K [0x00000000ec000000, 0x0000000100000000, 0x0000000100000000)
  eden space 296960K, 0% used [0x00000000ec000000,0x00000000ec000000,0x00000000fe200000)
  from space 14848K, 66% used [0x00000000fe200000,0x00000000feba26c8,0x00000000ff080000)
  to   space 15872K, 0% used [0x00000000ff080000,0x00000000ff080000,0x0000000100000000)
 ParOldGen       total 96768K, used 39647K [0x00000000c4000000, 0x00000000c9e80000, 0x00000000ec000000)
  object space 96768K, 40% used [0x00000000c4000000,0x00000000c66b7f08,0x00000000c9e80000)
 Metaspace       used 30598K, capacity 41983K, committed 42408K, reserved 1079296K
  class space    used 7819K, capacity 11544K, committed 11688K, reserved 1048576K
}
Event: 15.820 GC heap before
{Heap before GC invocations=25 (full 3):
 PSYoungGen      total 311808K, used 306825K [0x00000000ec000000, 0x0000000100000000, 0x0000000100000000)
  eden space 296960K, 100% used [0x00000000ec000000,0x00000000fe200000,0x00000000fe200000)
  from space 14848K, 66% used [0x00000000fe200000,0x00000000feba26c8,0x00000000ff080000)
  to   space 15872K, 0% used [0x00000000ff080000,0x00000000ff080000,0x0000000100000000)
 ParOldGen       total 96768K, used 39647K [0x00000000c4000000, 0x00000000c9e80000, 0x00000000ec000000)
  object space 96768K, 40% used [0x00000000c4000000,0x00000000c66b7f08,0x00000000c9e80000)
 Metaspace       used 30602K, capacity 41991K, committed 42408K, reserved 1079296K
  class space    used 7819K, capacity 11544K, committed 11688K, reserved 1048576K
Event: 15.829 GC heap after
Heap after GC invocations=25 (full 3):
 PSYoungGen      total 311808K, used 9776K [0x00000000ec000000, 0x0000000100000000, 0x0000000100000000)
  eden space 295936K, 0% used [0x00000000ec000000,0x00000000ec000000,0x00000000fe100000)
  from space 15872K, 61% used [0x00000000ff080000,0x00000000ffa0c010,0x0000000100000000)
  to   space 15872K, 0% used [0x00000000fe100000,0x00000000fe100000,0x00000000ff080000)
 ParOldGen       total 96768K, used 39647K [0x00000000c4000000, 0x00000000c9e80000, 0x00000000ec000000)
  object space 96768K, 40% used [0x00000000c4000000,0x00000000c66b7f08,0x00000000c9e80000)
 Metaspace       used 30602K, capacity 41991K, committed 42408K, reserved 1079296K
  class space    used 7819K, capacity 11544K, committed 11688K, reserved 1048576K
}
Event: 17.303 GC heap before
{Heap before GC invocations=26 (full 3):
 PSYoungGen      total 311808K, used 305712K [0x00000000ec000000, 0x0000000100000000, 0x0000000100000000)
  eden space 295936K, 100% used [0x00000000ec000000,0x00000000fe100000,0x00000000fe100000)
  from space 15872K, 61% used [0x00000000ff080000,0x00000000ffa0c010,0x0000000100000000)
  to   space 15872K, 0% used [0x00000000fe100000,0x00000000fe100000,0x00000000ff080000)
 ParOldGen       total 96768K, used 39647K [0x00000000c4000000, 0x00000000c9e80000, 0x00000000ec000000)
  object space 96768K, 40% used [0x00000000c4000000,0x00000000c66b7f08,0x00000000c9e80000)
 Metaspace       used 33125K, capacity 44527K, committed 45096K, reserved 1083392K
  class space    used 8159K, capacity 11896K, committed 12072K, reserved 1048576K
Event: 17.342 GC heap after
Heap after GC invocations=26 (full 3):
 PSYoungGen      total 311808K, used 15867K [0x00000000ec000000, 0x0000000100000000, 0x0000000100000000)
  eden space 295936K, 0% used [0x00000000ec000000,0x00000000ec000000,0x00000000fe100000)
  from space 15872K, 99% used [0x00000000fe100000,0x00000000ff07eee0,0x00000000ff080000)
  to   space 15872K, 0% used [0x00000000ff080000,0x00000000ff080000,0x0000000100000000)
 ParOldGen       total 96768K, used 69407K [0x00000000c4000000, 0x00000000c9e80000, 0x00000000ec000000)
  object space 96768K, 71% used [0x00000000c4000000,0x00000000c83c7dc0,0x00000000c9e80000)
 Metaspace       used 33125K, capacity 44527K, committed 45096K, reserved 1083392K
  class space    used 8159K, capacity 11896K, committed 12072K, reserved 1048576K
}
Event: 19.184 GC heap before
{Heap before GC invocations=27 (full 3):
 PSYoungGen      total 311808K, used 311803K [0x00000000ec000000, 0x0000000100000000, 0x0000000100000000)
  eden space 295936K, 100% used [0x00000000ec000000,0x00000000fe100000,0x00000000fe100000)
  from space 15872K, 99% used [0x00000000fe100000,0x00000000ff07eee0,0x00000000ff080000)
  to   space 15872K, 0% used [0x00000000ff080000,0x00000000ff080000,0x0000000100000000)
 ParOldGen       total 96768K, used 69407K [0x00000000c4000000, 0x00000000c9e80000, 0x00000000ec000000)
  object space 96768K, 71% used [0x00000000c4000000,0x00000000c83c7dc0,0x00000000c9e80000)
 Metaspace       used 34997K, capacity 46447K, committed 46888K, reserved 1083392K
  class space    used 8420K, capacity 12152K, committed 12328K, reserved 1048576K
Event: 19.229 GC heap after
Heap after GC invocations=27 (full 3):
 PSYoungGen      total 273920K, used 15851K [0x00000000ec000000, 0x0000000100000000, 0x0000000100000000)
  eden space 258048K, 0% used [0x00000000ec000000,0x00000000ec000000,0x00000000fbc00000)
  from space 15872K, 99% used [0x00000000ff080000,0x00000000ffffaf90,0x0000000100000000)
  to   space 34816K, 0% used [0x00000000fbc00000,0x00000000fbc00000,0x00000000fde00000)
 ParOldGen       total 96768K, used 82376K [0x00000000c4000000, 0x00000000c9e80000, 0x00000000ec000000)
  object space 96768K, 85% used [0x00000000c4000000,0x00000000c90722b0,0x00000000c9e80000)
 Metaspace       used 34997K, capacity 46447K, committed 46888K, reserved 1083392K
  class space    used 8420K, capacity 12152K, committed 12328K, reserved 1048576K
}
Event: 19.230 GC heap before
{Heap before GC invocations=28 (full 4):
 PSYoungGen      total 273920K, used 15851K [0x00000000ec000000, 0x0000000100000000, 0x0000000100000000)
  eden space 258048K, 0% used [0x00000000ec000000,0x00000000ec000000,0x00000000fbc00000)
  from space 15872K, 99% used [0x00000000ff080000,0x00000000ffffaf90,0x0000000100000000)
  to   space 34816K, 0% used [0x00000000fbc00000,0x00000000fbc00000,0x00000000fde00000)
 ParOldGen       total 96768K, used 82376K [0x00000000c4000000, 0x00000000c9e80000, 0x00000000ec000000)
  object space 96768K, 85% used [0x00000000c4000000,0x00000000c90722b0,0x00000000c9e80000)
 Metaspace       used 34997K, capacity 46447K, committed 46888K, reserved 1083392K
  class space    used 8420K, capacity 12152K, committed 12328K, reserved 1048576K

Deoptimization events (0 events):
No events

Internal exceptions (10 events):
Event: 0.058 Thread 0x00007f66cc00c000 Exception <a 'java/security/PrivilegedActionException'> (0x00000000ec07d1e8) thrown at [/build/openjdk-8-AbQ17_/openjdk-8-8u121-b13/src/hotspot/src/share/vm/prims/jvm.cpp, line 1390]
Event: 0.058 Thread 0x00007f66cc00c000 Exception <a 'java/security/PrivilegedActionException'> (0x00000000ec07d3f8) thrown at [/build/openjdk-8-AbQ17_/openjdk-8-8u121-b13/src/hotspot/src/share/vm/prims/jvm.cpp, line 1390]
Event: 0.058 Thread 0x00007f66cc00c000 Exception <a 'java/security/PrivilegedActionException'> (0x00000000ec07df00) thrown at [/build/openjdk-8-AbQ17_/openjdk-8-8u121-b13/src/hotspot/src/share/vm/prims/jvm.cpp, line 1390]
Event: 0.058 Thread 0x00007f66cc00c000 Exception <a 'java/security/PrivilegedActionException'> (0x00000000ec07e110) thrown at [/build/openjdk-8-AbQ17_/openjdk-8-8u121-b13/src/hotspot/src/share/vm/prims/jvm.cpp, line 1390]
Event: 0.189 Thread 0x00007f66cc00c000 Exception <a 'java/security/PrivilegedActionException'> (0x00000000ec5eb6c8) thrown at [/build/openjdk-8-AbQ17_/openjdk-8-8u121-b13/src/hotspot/src/share/vm/prims/jvm.cpp, line 1390]
Event: 0.189 Thread 0x00007f66cc00c000 Exception <a 'java/security/PrivilegedActionException'> (0x00000000ec5eb8d8) thrown at [/build/openjdk-8-AbQ17_/openjdk-8-8u121-b13/src/hotspot/src/share/vm/prims/jvm.cpp, line 1390]
Event: 0.189 Thread 0x00007f66cc00c000 Exception <a 'java/security/PrivilegedActionException'> (0x00000000ec5ed960) thrown at [/build/openjdk-8-AbQ17_/openjdk-8-8u121-b13/src/hotspot/src/share/vm/prims/jvm.cpp, line 1390]
Event: 0.189 Thread 0x00007f66cc00c000 Exception <a 'java/security/PrivilegedActionException'> (0x00000000ec5edb70) thrown at [/build/openjdk-8-AbQ17_/openjdk-8-8u121-b13/src/hotspot/src/share/vm/prims/jvm.cpp, line 1390]
Event: 0.189 Thread 0x00007f66cc00c000 Exception <a 'java/security/PrivilegedActionException'> (0x00000000ec5ee648) thrown at [/build/openjdk-8-AbQ17_/openjdk-8-8u121-b13/src/hotspot/src/share/vm/prims/jvm.cpp, line 1390]
Event: 0.189 Thread 0x00007f66cc00c000 Exception <a 'java/security/PrivilegedActionException'> (0x00000000ec5ee858) thrown at [/build/openjdk-8-AbQ17_/openjdk-8-8u121-b13/src/hotspot/src/share/vm/prims/jvm.cpp, line 1390]

Events (10 events):
Event: 19.088 loading class com/google/javascript/jscomp/CheckPathsBetweenNodes$3 done
Event: 19.088 loading class com/google/javascript/jscomp/CheckPathsBetweenNodes$4
Event: 19.088 loading class com/google/javascript/jscomp/CheckPathsBetweenNodes$4 done
Event: 19.088 loading class com/google/javascript/jscomp/graph/Graph$GraphAnnotationState
Event: 19.088 loading class com/google/javascript/jscomp/graph/Graph$GraphAnnotationState done
Event: 19.088 Executing VM operation: Deoptimize
Event: 19.089 Executing VM operation: Deoptimize done
Event: 19.090 loading class com/google/javascript/jscomp/graph/Graph$AnnotationState
Event: 19.090 loading class com/google/javascript/jscomp/graph/Graph$AnnotationState done
Event: 19.184 Executing VM operation: ParallelGCFailedAllocation


Dynamic libraries:
c4000000-c9e80000 rw-p 00000000 00:00 0 
cea00000-ec000000 ---p 00000000 00:00 0 
ec000000-100000000 rw-p 00000000 00:00 0 
100000000-100c0a000 rw-p 00000000 00:00 0 
100c0a000-140000000 ---p 00000000 00:00 0 
55ac6331a000-55ac6331b000 r-xp 00000000 fd:00 1574089                    /usr/lib/jvm/java-8-openjdk-amd64/jre/bin/java
55ac6351a000-55ac6351b000 r--p 00000000 fd:00 1574089                    /usr/lib/jvm/java-8-openjdk-amd64/jre/bin/java
55ac6351b000-55ac6351c000 rw-p 00001000 fd:00 1574089                    /usr/lib/jvm/java-8-openjdk-amd64/jre/bin/java
55ac64891000-55ac648b2000 rw-p 00000000 00:00 0                          [heap]
7f667f7ff000-7f667f9bf000 rw-p 00000000 00:00 0 
7f667f9bf000-7f667f9ff000 ---p 00000000 00:00 0 
7f667f9ff000-7f667fa02000 ---p 00000000 00:00 0 
7f667fa02000-7f667fe00000 rw-p 00000000 00:00 0 
7f667fe00000-7f6680000000 rw-p 00000000 00:00 0 
7f6680000000-7f6680021000 rw-p 00000000 00:00 0 
7f6680021000-7f6684000000 ---p 00000000 00:00 0 
7f6684000000-7f668434f000 rw-p 00000000 00:00 0 
7f668434f000-7f6688000000 ---p 00000000 00:00 0 
7f6688000000-7f6688da9000 rw-p 00000000 00:00 0 
7f6688da9000-7f668c000000 ---p 00000000 00:00 0 
7f668c000000-7f668c021000 rw-p 00000000 00:00 0 
7f668c021000-7f6690000000 ---p 00000000 00:00 0 
7f6690000000-7f6690046000 rw-p 00000000 00:00 0 
7f6690046000-7f6694000000 ---p 00000000 00:00 0 
7f6694000000-7f6694021000 rw-p 00000000 00:00 0 
7f6694021000-7f6698000000 ---p 00000000 00:00 0 
7f6698000000-7f6698021000 rw-p 00000000 00:00 0 
7f6698021000-7f669c000000 ---p 00000000 00:00 0 
7f669c000000-7f669c021000 rw-p 00000000 00:00 0 
7f669c021000-7f66a0000000 ---p 00000000 00:00 0 
7f66a0000000-7f66a0277000 rw-p 00000000 00:00 0 
7f66a0277000-7f66a4000000 ---p 00000000 00:00 0 
7f66a4000000-7f66a4021000 rw-p 00000000 00:00 0 
7f66a4021000-7f66a8000000 ---p 00000000 00:00 0 
7f66a8000000-7f66a8021000 rw-p 00000000 00:00 0 
7f66a8021000-7f66ac000000 ---p 00000000 00:00 0 
7f66ac000000-7f66ac021000 rw-p 00000000 00:00 0 
7f66ac021000-7f66b0000000 ---p 00000000 00:00 0 
7f66b0000000-7f66b002d000 rw-p 00000000 00:00 0 
7f66b002d000-7f66b4000000 ---p 00000000 00:00 0 
7f66b4033000-7f66b4233000 rw-p 00000000 00:00 0 
7f66b4233000-7f66b4236000 ---p 00000000 00:00 0 
7f66b4236000-7f66b4534000 rw-p 00000000 00:00 0 
7f66b4534000-7f66b4734000 rw-p 00000000 00:00 0 
7f66b4734000-7f66b4934000 rw-p 00000000 00:00 0 
7f66b4934000-7f66b4b34000 rw-p 00000000 00:00 0 
7f66b4b34000-7f66b4d34000 rw-p 00000000 00:00 0 
7f66b4d34000-7f66b4f34000 rw-p 00000000 00:00 0 
7f66b4f34000-7f66b5134000 rw-p 00000000 00:00 0 
7f66b5134000-7f66b5334000 rw-p 00000000 00:00 0 
7f66b5334000-7f66b5534000 rw-p 00000000 00:00 0 
7f66b5534000-7f66b5538000 r--s 00041000 fd:00 4084046                    /home/biris/.m2/repository/com/fasterxml/jackson/core/jackson-core/2.8.6/jackson-core-2.8.6.jar
7f66b5538000-7f66b5539000 r--s 00002000 fd:00 3684838                    /home/biris/.m2/repository/clout/clout/2.1.2/clout-2.1.2.jar
7f66b5539000-7f66b5549000 r--s 00088000 fd:00 3036372                    /home/biris/.m2/repository/joda-time/joda-time/2.8.2/joda-time-2.8.2.jar
7f66b5549000-7f66b554b000 r--s 00018000 fd:00 3962745                    /home/biris/.m2/repository/javax/servlet/servlet-api/2.5/servlet-api-2.5.jar
7f66b554b000-7f66b554d000 r--s 0000f000 fd:00 3811386                    /home/biris/.m2/repository/commons-fileupload/commons-fileupload/1.3.1/commons-fileupload-1.3.1.jar
7f66b554d000-7f66b554f000 r--s 00005000 fd:00 4859214                    /home/biris/.m2/repository/cheshire/cheshire/5.7.0/cheshire-5.7.0.jar
7f66b554f000-7f66b555b000 r--s 0010b000 fd:00 6428310                    /home/biris/.m2/repository/org/mozilla/rhino/1.7R5/rhino-1.7R5.jar
7f66b555b000-7f66b555c000 r--s 00001000 fd:00 6428031                    /home/biris/.m2/repository/fs/fs/1.1.2/fs-1.1.2.jar
7f66b555c000-7f66b555e000 r--s 00006000 fd:00 3811388                    /home/biris/.m2/repository/ring/ring-core/1.5.0/ring-core-1.5.0.jar
7f66b555e000-7f66b555f000 r--s 00000000 fd:00 3160459                    /home/biris/.m2/repository/crypto-random/crypto-random/1.2.0/crypto-random-1.2.0.jar
7f66b555f000-7f66b5561000 r--s 000b5000 fd:00 6428290                    /home/biris/.m2/repository/org/clojure/clojurescript/1.9.473/clojurescript-1.9.473.jar
7f66b5561000-7f66b5562000 r--s 00001000 fd:00 4084040                    /home/biris/.m2/repository/ring/ring-headers/0.2.0/ring-headers-0.2.0.jar
7f66b5562000-7f66b5564000 r--s 0000a000 fd:00 3290100                    /home/biris/.m2/repository/org/clojure/tools.reader/1.0.0-beta3/tools.reader-1.0.0-beta3.jar
7f66b5564000-7f66b5566000 r--s 00011000 fd:00 4726669                    /home/biris/.m2/repository/com/fasterxml/jackson/dataformat/jackson-dataformat-smile/2.8.6/jackson-dataformat-smile-2.8.6.jar
7f66b5566000-7f66b5567000 r--s 00001000 fd:00 6428308                    /home/biris/.m2/repository/org/clojure/data.json/0.2.6/data.json-0.2.6.jar
7f66b5567000-7f66b5576000 r--s 00130000 fd:00 6428296                    /home/biris/.m2/repository/com/google/protobuf/protobuf-java/3.0.2/protobuf-java-3.0.2.jar
7f66b5576000-7f66b5577000 r--s 00001000 fd:00 4205824                    /home/biris/.m2/repository/ring/ring-anti-forgery/1.0.1/ring-anti-forgery-1.0.1.jar
7f66b5577000-7f66b557d000 r--s 00033000 fd:00 6424595                    /home/biris/.m2/repository/commons-codec/commons-codec/1.6/commons-codec-1.6.jar
7f66b557d000-7f66b5581000 r--s 00022000 fd:00 6428293                    /home/biris/.m2/repository/args4j/args4j/2.33/args4j-2.33.jar
7f66b5581000-7f66b5584000 r--s 00019000 fd:00 5116047                    /home/biris/.m2/repository/cljsbuild/cljsbuild/1.1.5/cljsbuild-1.1.5.jar
7f66b5584000-7f66b55b4000 r--s 00541000 fd:00 6428304                    /home/biris/.m2/repository/org/clojure/google-closure-library/0.0-20160609-f42b4a24/google-closure-library-0.0-20160609-f42b4a24.jar
7f66b55b4000-7f66b55e3000 r--s 00226000 fd:00 6428295                    /home/biris/.m2/repository/com/google/guava/guava/20.0/guava-20.0.jar
7f66b55e3000-7f66b561e000 r--s 003ca000 fd:00 6428292                    /home/biris/.m2/repository/com/google/javascript/closure-compiler-unshaded/v20161201/closure-compiler-unshaded-v20161201.jar
7f66b561e000-7f66b561f000 ---p 00000000 00:00 0 
7f66b561f000-7f66b571f000 rw-p 00000000 00:00 0 
7f66b571f000-7f66b5722000 ---p 00000000 00:00 0 
7f66b5722000-7f66b5820000 rw-p 00000000 00:00 0 
7f66b5820000-7f66b5823000 ---p 00000000 00:00 0 
7f66b5823000-7f66b5921000 rw-p 00000000 00:00 0 
7f66b5921000-7f66b5924000 ---p 00000000 00:00 0 
7f66b5924000-7f66b5a22000 rw-p 00000000 00:00 0 
7f66b5a22000-7f66b5a25000 ---p 00000000 00:00 0 
7f66b5a25000-7f66b5b23000 rw-p 00000000 00:00 0 
7f66b5b23000-7f66b5b26000 ---p 00000000 00:00 0 
7f66b5b26000-7f66b5c24000 rw-p 00000000 00:00 0 
7f66b5c24000-7f66b5efd000 r--p 00000000 fd:00 525475                     /usr/lib/locale/locale-archive
7f66b5efd000-7f66b5f00000 ---p 00000000 00:00 0 
7f66b5f00000-7f66b5ffe000 rw-p 00000000 00:00 0 
7f66b5ffe000-7f66b6001000 ---p 00000000 00:00 0 
7f66b6001000-7f66b60ff000 rw-p 00000000 00:00 0 
7f66b60ff000-7f66b6100000 ---p 00000000 00:00 0 
7f66b6100000-7f66b8000000 rw-p 00000000 00:00 0 
7f66b8000000-7f66b8021000 rw-p 00000000 00:00 0 
7f66b8021000-7f66bc000000 ---p 00000000 00:00 0 
7f66bc000000-7f66bc001000 r--s 00003000 fd:00 3036374                    /home/biris/.m2/repository/compojure/compojure/1.5.1/compojure-1.5.1.jar
7f66bc001000-7f66bc002000 r--s 00003000 fd:00 4205825                    /home/biris/.m2/repository/hiccup/hiccup/1.0.5/hiccup-1.0.5.jar
7f66bc002000-7f66bc003000 r--s 00001000 fd:00 4988638                    /home/biris/.m2/repository/ring/ring-json/0.4.0/ring-json-0.4.0.jar
7f66bc003000-7f66bc005000 r--s 00010000 fd:00 6428306                    /home/biris/.m2/repository/org/clojure/google-closure-library-third-party/0.0-20160609-f42b4a24/google-closure-library-third-party-0.0-20160609-f42b4a24.jar
7f66bc005000-7f66bc006000 r--s 00000000 fd:00 3160461                    /home/biris/.m2/repository/crypto-equality/crypto-equality/1.0.0/crypto-equality-1.0.0.jar
7f66bc006000-7f66bc00b000 r--s 00032000 fd:00 6428023                    /home/biris/.m2/repository/org/apache/commons/commons-compress/1.3/commons-compress-1.3.jar
7f66bc00b000-7f66bc00c000 r--s 00001000 fd:00 2754289                    /home/biris/.m2/repository/medley/medley/0.8.2/medley-0.8.2.jar
7f66bc00c000-7f66bc00e000 r--s 0000b000 fd:00 4988614                    /home/biris/.m2/repository/com/fasterxml/jackson/dataformat/jackson-dataformat-cbor/2.8.6/jackson-dataformat-cbor-2.8.6.jar
7f66bc00e000-7f66bc00f000 r--s 00002000 fd:00 5771127                    /home/biris/.m2/repository/clojure-complete/clojure-complete/0.2.4/clojure-complete-0.2.4.jar
7f66bc00f000-7f66bc010000 r--s 00000000 fd:00 6428302                    /home/biris/.m2/repository/com/google/jsinterop/jsinterop-annotations/1.0.0/jsinterop-annotations-1.0.0.jar
7f66bc010000-7f66bc011000 r--s 00009000 fd:00 5771115                    /home/biris/.m2/repository/org/clojure/tools.nrepl/0.2.12/tools.nrepl-0.2.12.jar
7f66bc011000-7f66bc013000 r--s 00003000 fd:00 6428300                    /home/biris/.m2/repository/com/google/code/findbugs/jsr305/3.0.1/jsr305-3.0.1.jar
7f66bc013000-7f66bc014000 r--s 00001000 fd:00 4475026                    /home/biris/.m2/repository/clj-stacktrace/clj-stacktrace/0.2.5/clj-stacktrace-0.2.5.jar
7f66bc014000-7f66bc015000 r--s 00001000 fd:00 3963839                    /home/biris/.m2/repository/ring/ring-defaults/0.2.1/ring-defaults-0.2.1.jar
7f66bc015000-7f66bc016000 r--s 00001000 fd:00 3811390                    /home/biris/.m2/repository/ring/ring-codec/1.0.1/ring-codec-1.0.1.jar
7f66bc016000-7f66bc01b000 r--s 00034000 fd:00 6428298                    /home/biris/.m2/repository/com/google/code/gson/gson/2.7/gson-2.7.jar
7f66bc01b000-7f66bc01c000 r--s 00001000 fd:00 3963840                    /home/biris/.m2/repository/ring/ring-ssl/0.2.1/ring-ssl-0.2.1.jar
7f66bc01c000-7f66bc01d000 r--s 00001000 fd:00 2630936                    /home/biris/.m2/repository/org/clojure/tools.macro/0.1.5/tools.macro-0.1.5.jar
7f66bc01d000-7f66bc021000 r--s 0002f000 fd:00 2903533                    /home/biris/.m2/repository/commons-io/commons-io/2.5/commons-io-2.5.jar
7f66bc021000-7f66bc022000 r--s 00001000 fd:00 4988616                    /home/biris/.m2/repository/tigris/tigris/0.1.1/tigris-0.1.1.jar
7f66bc022000-7f66bc024000 r--s 0000c000 fd:00 2630938                    /home/biris/.m2/repository/instaparse/instaparse/1.4.0/instaparse-1.4.0.jar
7f66bc024000-7f66bc067000 r--s 00332000 fd:00 5771116                    /home/biris/.m2/repository/org/clojure/clojure/1.8.0/clojure-1.8.0.jar
7f66bc067000-7f66bc068000 r--s 00001000 fd:00 4353473                    /home/biris/.m2/repository/ring/ring-mock/0.3.0/ring-mock-0.3.0.jar
7f66bc068000-7f66bc06a000 r--s 00004000 fd:00 3963837                    /home/biris/.m2/repository/clj-time/clj-time/0.11.0/clj-time-0.11.0.jar
7f66bc06a000-7f66bc06f000 r--s 0003b000 fd:00 1574160                    /usr/lib/jvm/java-8-openjdk-amd64/jre/lib/ext/sunjce_provider.jar
7f66bc06f000-7f66bc08a000 r--s 00394000 fd:00 1574153                    /usr/lib/jvm/java-8-openjdk-amd64/jre/lib/ext/cldrdata.jar
7f66bc08a000-7f66bc0a5000 r--s 001d6000 fd:00 1574158                    /usr/lib/jvm/java-8-openjdk-amd64/jre/lib/ext/nashorn.jar
7f66bc0a5000-7f66bc0af000 r--s 00116000 fd:00 1574157                    /usr/lib/jvm/java-8-openjdk-amd64/jre/lib/ext/localedata.jar
7f66bc0af000-7f66bd000000 rw-p 00000000 00:00 0 
7f66bd000000-7f66bdd20000 rwxp 00000000 00:00 0 
7f66bdd20000-7f66cc000000 ---p 00000000 00:00 0 
7f66cc000000-7f66ccfa1000 rw-p 00000000 00:00 0 
7f66ccfa1000-7f66d0000000 ---p 00000000 00:00 0 
7f66d0000000-7f66d0004000 r--s 00037000 fd:00 1574161                    /usr/lib/jvm/java-8-openjdk-amd64/jre/lib/ext/sunpkcs11.jar
7f66d0004000-7f66d0067000 rw-p 00000000 00:00 0 
7f66d0067000-7f66d0235000 r--s 03c06000 fd:00 1574181                    /usr/lib/jvm/java-8-openjdk-amd64/jre/lib/rt.jar
7f66d0235000-7f66d0c8b000 rw-p 00000000 00:00 0 
7f66d0c8b000-7f66d0c8c000 ---p 00000000 00:00 0 
7f66d0c8c000-7f66d0d8c000 rw-p 00000000 00:00 0 
7f66d0d8c000-7f66d0d8d000 ---p 00000000 00:00 0 
7f66d0d8d000-7f66d0e8d000 rw-p 00000000 00:00 0 
7f66d0e8d000-7f66d0e8e000 ---p 00000000 00:00 0 
7f66d0e8e000-7f66d0f8e000 rw-p 00000000 00:00 0 
7f66d0f8e000-7f66d0f8f000 ---p 00000000 00:00 0 
7f66d0f8f000-7f66d10bf000 rw-p 00000000 00:00 0 
7f66d10bf000-7f66d11cf000 ---p 00000000 00:00 0 
7f66d11cf000-7f66d11ff000 rw-p 00000000 00:00 0 
7f66d11ff000-7f66d130f000 ---p 00000000 00:00 0 
7f66d130f000-7f66d13af000 rw-p 00000000 00:00 0 
7f66d13af000-7f66d13e5000 rw-p 00000000 00:00 0 
7f66d13e5000-7f66d1770000 ---p 00000000 00:00 0 
7f66d1770000-7f66d1778000 r-xp 00000000 fd:00 1574135                    /usr/lib/jvm/java-8-openjdk-amd64/jre/lib/amd64/libzip.so
7f66d1778000-7f66d1977000 ---p 00008000 fd:00 1574135                    /usr/lib/jvm/java-8-openjdk-amd64/jre/lib/amd64/libzip.so
7f66d1977000-7f66d1978000 r--p 00007000 fd:00 1574135                    /usr/lib/jvm/java-8-openjdk-amd64/jre/lib/amd64/libzip.so
7f66d1978000-7f66d1979000 rw-p 00008000 fd:00 1574135                    /usr/lib/jvm/java-8-openjdk-amd64/jre/lib/amd64/libzip.so
7f66d1979000-7f66d1984000 r-xp 00000000 fd:00 2097897                    /lib/x86_64-linux-gnu/libnss_files-2.24.so
7f66d1984000-7f66d1b83000 ---p 0000b000 fd:00 2097897                    /lib/x86_64-linux-gnu/libnss_files-2.24.so
7f66d1b83000-7f66d1b84000 r--p 0000a000 fd:00 2097897                    /lib/x86_64-linux-gnu/libnss_files-2.24.so
7f66d1b84000-7f66d1b85000 rw-p 0000b000 fd:00 2097897                    /lib/x86_64-linux-gnu/libnss_files-2.24.so
7f66d1b85000-7f66d1b8b000 rw-p 00000000 00:00 0 
7f66d1b8b000-7f66d1b96000 r-xp 00000000 fd:00 2097901                    /lib/x86_64-linux-gnu/libnss_nis-2.24.so
7f66d1b96000-7f66d1d95000 ---p 0000b000 fd:00 2097901                    /lib/x86_64-linux-gnu/libnss_nis-2.24.so
7f66d1d95000-7f66d1d96000 r--p 0000a000 fd:00 2097901                    /lib/x86_64-linux-gnu/libnss_nis-2.24.so
7f66d1d96000-7f66d1d97000 rw-p 0000b000 fd:00 2097901                    /lib/x86_64-linux-gnu/libnss_nis-2.24.so
7f66d1d97000-7f66d1dad000 r-xp 00000000 fd:00 2097891                    /lib/x86_64-linux-gnu/libnsl-2.24.so
7f66d1dad000-7f66d1fac000 ---p 00016000 fd:00 2097891                    /lib/x86_64-linux-gnu/libnsl-2.24.so
7f66d1fac000-7f66d1fad000 r--p 00015000 fd:00 2097891                    /lib/x86_64-linux-gnu/libnsl-2.24.so
7f66d1fad000-7f66d1fae000 rw-p 00016000 fd:00 2097891                    /lib/x86_64-linux-gnu/libnsl-2.24.so
7f66d1fae000-7f66d1fb0000 rw-p 00000000 00:00 0 
7f66d1fb0000-7f66d1fb8000 r-xp 00000000 fd:00 2097893                    /lib/x86_64-linux-gnu/libnss_compat-2.24.so
7f66d1fb8000-7f66d21b7000 ---p 00008000 fd:00 2097893                    /lib/x86_64-linux-gnu/libnss_compat-2.24.so
7f66d21b7000-7f66d21b8000 r--p 00007000 fd:00 2097893                    /lib/x86_64-linux-gnu/libnss_compat-2.24.so
7f66d21b8000-7f66d21b9000 rw-p 00008000 fd:00 2097893                    /lib/x86_64-linux-gnu/libnss_compat-2.24.so
7f66d21b9000-7f66d21e6000 r-xp 00000000 fd:00 1574116                    /usr/lib/jvm/java-8-openjdk-amd64/jre/lib/amd64/libjava.so
7f66d21e6000-7f66d23e5000 ---p 0002d000 fd:00 1574116                    /usr/lib/jvm/java-8-openjdk-amd64/jre/lib/amd64/libjava.so
7f66d23e5000-7f66d23e6000 r--p 0002c000 fd:00 1574116                    /usr/lib/jvm/java-8-openjdk-amd64/jre/lib/amd64/libjava.so
7f66d23e6000-7f66d23e8000 rw-p 0002d000 fd:00 1574116                    /usr/lib/jvm/java-8-openjdk-amd64/jre/lib/amd64/libjava.so
7f66d23e8000-7f66d23f7000 r-xp 00000000 fd:00 1574134                    /usr/lib/jvm/java-8-openjdk-amd64/jre/lib/amd64/libverify.so
7f66d23f7000-7f66d25f6000 ---p 0000f000 fd:00 1574134                    /usr/lib/jvm/java-8-openjdk-amd64/jre/lib/amd64/libverify.so
7f66d25f6000-7f66d25f8000 r--p 0000e000 fd:00 1574134                    /usr/lib/jvm/java-8-openjdk-amd64/jre/lib/amd64/libverify.so
7f66d25f8000-7f66d25f9000 rw-p 00010000 fd:00 1574134                    /usr/lib/jvm/java-8-openjdk-amd64/jre/lib/amd64/libverify.so
7f66d25f9000-7f66d2600000 r-xp 00000000 fd:00 2097911                    /lib/x86_64-linux-gnu/librt-2.24.so
7f66d2600000-7f66d27ff000 ---p 00007000 fd:00 2097911                    /lib/x86_64-linux-gnu/librt-2.24.so
7f66d27ff000-7f66d2800000 r--p 00006000 fd:00 2097911                    /lib/x86_64-linux-gnu/librt-2.24.so
7f66d2800000-7f66d2801000 rw-p 00007000 fd:00 2097911                    /lib/x86_64-linux-gnu/librt-2.24.so
7f66d2801000-7f66d2817000 r-xp 00000000 fd:00 2097444                    /lib/x86_64-linux-gnu/libgcc_s.so.1
7f66d2817000-7f66d2a16000 ---p 00016000 fd:00 2097444                    /lib/x86_64-linux-gnu/libgcc_s.so.1
7f66d2a16000-7f66d2a17000 r--p 00015000 fd:00 2097444                    /lib/x86_64-linux-gnu/libgcc_s.so.1
7f66d2a17000-7f66d2a18000 rw-p 00016000 fd:00 2097444                    /lib/x86_64-linux-gnu/libgcc_s.so.1
7f66d2a18000-7f66d2b20000 r-xp 00000000 fd:00 2097885                    /lib/x86_64-linux-gnu/libm-2.24.so
7f66d2b20000-7f66d2d1f000 ---p 00108000 fd:00 2097885                    /lib/x86_64-linux-gnu/libm-2.24.so
7f66d2d1f000-7f66d2d20000 r--p 00107000 fd:00 2097885                    /lib/x86_64-linux-gnu/libm-2.24.so
7f66d2d20000-7f66d2d21000 rw-p 00108000 fd:00 2097885                    /lib/x86_64-linux-gnu/libm-2.24.so
7f66d2d21000-7f66d2e99000 r-xp 00000000 fd:00 528725                     /usr/lib/x86_64-linux-gnu/libstdc++.so.6.0.22
7f66d2e99000-7f66d3099000 ---p 00178000 fd:00 528725                     /usr/lib/x86_64-linux-gnu/libstdc++.so.6.0.22
7f66d3099000-7f66d30a3000 r--p 00178000 fd:00 528725                     /usr/lib/x86_64-linux-gnu/libstdc++.so.6.0.22
7f66d30a3000-7f66d30a5000 rw-p 00182000 fd:00 528725                     /usr/lib/x86_64-linux-gnu/libstdc++.so.6.0.22
7f66d30a5000-7f66d30a9000 rw-p 00000000 00:00 0 
7f66d30a9000-7f66d3cfe000 r-xp 00000000 fd:00 1574137                    /usr/lib/jvm/java-8-openjdk-amd64/jre/lib/amd64/server/libjvm.so
7f66d3cfe000-7f66d3efe000 ---p 00c55000 fd:00 1574137                    /usr/lib/jvm/java-8-openjdk-amd64/jre/lib/amd64/server/libjvm.so
7f66d3efe000-7f66d3f91000 r--p 00c55000 fd:00 1574137                    /usr/lib/jvm/java-8-openjdk-amd64/jre/lib/amd64/server/libjvm.so
7f66d3f91000-7f66d3fba000 rw-p 00ce8000 fd:00 1574137                    /usr/lib/jvm/java-8-openjdk-amd64/jre/lib/amd64/server/libjvm.so
7f66d3fba000-7f66d3fea000 rw-p 00000000 00:00 0 
7f66d3fea000-7f66d4002000 r-xp 00000000 fd:00 2097907                    /lib/x86_64-linux-gnu/libpthread-2.24.so
7f66d4002000-7f66d4202000 ---p 00018000 fd:00 2097907                    /lib/x86_64-linux-gnu/libpthread-2.24.so
7f66d4202000-7f66d4203000 r--p 00018000 fd:00 2097907                    /lib/x86_64-linux-gnu/libpthread-2.24.so
7f66d4203000-7f66d4204000 rw-p 00019000 fd:00 2097907                    /lib/x86_64-linux-gnu/libpthread-2.24.so
7f66d4204000-7f66d4208000 rw-p 00000000 00:00 0 
7f66d4208000-7f66d420b000 r-xp 00000000 fd:00 2097881                    /lib/x86_64-linux-gnu/libdl-2.24.so
7f66d420b000-7f66d440a000 ---p 00003000 fd:00 2097881                    /lib/x86_64-linux-gnu/libdl-2.24.so
7f66d440a000-7f66d440b000 r--p 00002000 fd:00 2097881                    /lib/x86_64-linux-gnu/libdl-2.24.so
7f66d440b000-7f66d440c000 rw-p 00003000 fd:00 2097881                    /lib/x86_64-linux-gnu/libdl-2.24.so
7f66d440c000-7f66d4425000 r-xp 00000000 fd:00 2097458                    /lib/x86_64-linux-gnu/libz.so.1.2.8
7f66d4425000-7f66d4624000 ---p 00019000 fd:00 2097458                    /lib/x86_64-linux-gnu/libz.so.1.2.8
7f66d4624000-7f66d4625000 r--p 00018000 fd:00 2097458                    /lib/x86_64-linux-gnu/libz.so.1.2.8
7f66d4625000-7f66d4626000 rw-p 00019000 fd:00 2097458                    /lib/x86_64-linux-gnu/libz.so.1.2.8
7f66d4626000-7f66d47e3000 r-xp 00000000 fd:00 2097873                    /lib/x86_64-linux-gnu/libc-2.24.so
7f66d47e3000-7f66d49e3000 ---p 001bd000 fd:00 2097873                    /lib/x86_64-linux-gnu/libc-2.24.so
7f66d49e3000-7f66d49e7000 r--p 001bd000 fd:00 2097873                    /lib/x86_64-linux-gnu/libc-2.24.so
7f66d49e7000-7f66d49e9000 rw-p 001c1000 fd:00 2097873                    /lib/x86_64-linux-gnu/libc-2.24.so
7f66d49e9000-7f66d49ed000 rw-p 00000000 00:00 0 
7f66d49ed000-7f66d49fa000 r-xp 00000000 fd:00 1574102                    /usr/lib/jvm/java-8-openjdk-amd64/jre/lib/amd64/jli/libjli.so
7f66d49fa000-7f66d4bfa000 ---p 0000d000 fd:00 1574102                    /usr/lib/jvm/java-8-openjdk-amd64/jre/lib/amd64/jli/libjli.so
7f66d4bfa000-7f66d4bfb000 r--p 0000d000 fd:00 1574102                    /usr/lib/jvm/java-8-openjdk-amd64/jre/lib/amd64/jli/libjli.so
7f66d4bfb000-7f66d4bfc000 rw-p 0000e000 fd:00 1574102                    /usr/lib/jvm/java-8-openjdk-amd64/jre/lib/amd64/jli/libjli.so
7f66d4bfc000-7f66d4c21000 r-xp 00000000 fd:00 2097864                    /lib/x86_64-linux-gnu/ld-2.24.so
7f66d4c21000-7f66d4c22000 r--s 00026000 fd:00 6428291                    /home/biris/.m2/repository/com/google/javascript/closure-compiler-externs/v20161201/closure-compiler-externs-v20161201.jar
7f66d4c22000-7f66d4c24000 r--s 00008000 fd:00 1574159                    /usr/lib/jvm/java-8-openjdk-amd64/jre/lib/ext/sunec.jar
7f66d4c24000-7f66d4cf4000 rw-p 00000000 00:00 0 
7f66d4cf4000-7f66d4cf7000 ---p 00000000 00:00 0 
7f66d4cf7000-7f66d4df9000 rw-p 00000000 00:00 0 
7f66d4df9000-7f66d4dfc000 r--s 0000f000 fd:00 1574155                    /usr/lib/jvm/java-8-openjdk-amd64/jre/lib/ext/icedtea-sound.jar
7f66d4dfc000-7f66d4dfd000 r--s 00010000 fd:00 1574162                    /usr/lib/jvm/java-8-openjdk-amd64/jre/lib/ext/zipfs.jar
7f66d4dfd000-7f66d4dff000 r--s 00001000 fd:00 1574154                    /usr/lib/jvm/java-8-openjdk-amd64/jre/lib/ext/dnsns.jar
7f66d4dff000-7f66d4e00000 r--s 0000a000 fd:00 1574156                    /usr/lib/jvm/java-8-openjdk-amd64/jre/lib/ext/jaccess.jar
7f66d4e00000-7f66d4e13000 rw-p 00000000 00:00 0 
7f66d4e13000-7f66d4e1b000 rw-s 00000000 fd:00 6427959                    /tmp/hsperfdata_biris/6469
7f66d4e1b000-7f66d4e1c000 rw-p 00000000 00:00 0 
7f66d4e1c000-7f66d4e1d000 ---p 00000000 00:00 0 
7f66d4e1d000-7f66d4e20000 rw-p 00000000 00:00 0 
7f66d4e20000-7f66d4e21000 r--p 00024000 fd:00 2097864                    /lib/x86_64-linux-gnu/ld-2.24.so
7f66d4e21000-7f66d4e22000 rw-p 00025000 fd:00 2097864                    /lib/x86_64-linux-gnu/ld-2.24.so
7f66d4e22000-7f66d4e23000 rw-p 00000000 00:00 0 
7ffc0810b000-7ffc0812d000 rw-p 00000000 00:00 0                          [stack]
7ffc081f3000-7ffc081f5000 r--p 00000000 00:00 0                          [vvar]
7ffc081f5000-7ffc081f7000 r-xp 00000000 00:00 0                          [vdso]
ffffffffff600000-ffffffffff601000 r-xp 00000000 00:00 0                  [vsyscall]

VM Arguments:
jvm_args: -Dfile.encoding=UTF-8 -XX:+TieredCompilation -XX:TieredStopAtLevel=1 -XX:-OmitStackTraceInFastThrow -Dclojure.compile.path=null -D.version=null -Dclojure.debug=false 
java_command: clojure.main -i /tmp/form-init1392496627464806496.clj
java_class_path (initial): /home/biris/clojure/cheshire-cat/src:/home/biris/clojure/cheshire-cat/src-cljs:/home/biris/clojure/cheshire-cat/target/cljsbuild-crossover:/home/biris/clojure/cheshire-cat/dev-resources:/home/biris/clojure/cheshire-cat/resources:/home/biris/.m2/repository/clj-time/clj-time/0.11.0/clj-time-0.11.0.jar:/home/biris/.m2/repository/com/google/javascript/closure-compiler-externs/v20161201/closure-compiler-externs-v20161201.jar:/home/biris/.m2/repository/ring/ring-mock/0.3.0/ring-mock-0.3.0.jar:/home/biris/.m2/repository/org/clojure/clojure/1.8.0/clojure-1.8.0.jar:/home/biris/.m2/repository/instaparse/instaparse/1.4.0/instaparse-1.4.0.jar:/home/biris/.m2/repository/tigris/tigris/0.1.1/tigris-0.1.1.jar:/home/biris/.m2/repository/commons-io/commons-io/2.5/commons-io-2.5.jar:/home/biris/.m2/repository/com/google/javascript/closure-compiler-unshaded/v20161201/closure-compiler-unshaded-v20161201.jar:/home/biris/.m2/repository/org/clojure/tools.macro/0.1.5/tools.macro-0.1.5.jar:/home/biris/.m2/repository/ring/ring-ssl/0.2.1/ring-ssl-0.2.1.jar:/home/biris/.m2/repository/com/google/guava/guava/20.0/guava-20.0.jar:/home/biris/.m2/repository/com/google/code/gson/gson/2.7/gson-2.7.jar:/home/biris/.m2/repository/ring/ring-codec/1.0.1/ring-codec-1.0.1.jar:/home/biris/.m2/repository/ring/ring-defaults/0.2.1/ring-defaults-0.2.1.jar:/home/biris/.m2/repository/clj-stacktrace/clj-stacktrace/0.2.5/clj-stacktrace-0.2.5.jar:/home/biris/.m2/repository/com/google/code/findbugs/jsr305/3.0.1/jsr305-3.0.1.jar:/home/biris/.m2/repository/org/clojure/tools.nrepl/0.2.12/tools.nrepl-0.2.12.jar:/home/biris/.m2/repository/com/google/jsinterop/jsinterop-annotations/1.0.0/jsinterop-annotations-1.0.0.jar:/home/biris/.m2/repository/clojure-complete/clojure-complete/0.2.4/clojure-complete-0.2.4.jar:/home/biris/.m2/repository/com/fasterxml/jackson/dataformat/jackson-dataformat-cbor/2.8.6/jackson-dataformat-cbor-2.8.6.jar:/home/biris/.m2/repository/medley/medley/0.8.2/medley-0.8.2.jar
Launcher Type: SUN_STANDARD

Environment Variables:
CLASSPATH=/home/biris/.lein/self-installs/leiningen-2.7.1-standalone.jar
PATH=/home/biris/.guix-profile/bin:/home/biris/.guix-profile/bin:/home/biris/.guix-profile/bin:/home/biris/.guix-profile/bin:/usr/local/sbin:/usr/local/bin:/usr/sbin:/usr/bin:/sbin:/bin:/usr/games:/usr/local/games:/snap/bin
SHELL=/bin/bash
DISPLAY=:0

Signal Handlers:
SIGSEGV: [libjvm.so+0xa6c900], sa_mask[0]=11111111011111111101111111111110, sa_flags=SA_RESTART|SA_SIGINFO
SIGBUS: [libjvm.so+0xa6c900], sa_mask[0]=11111111011111111101111111111110, sa_flags=SA_RESTART|SA_SIGINFO
SIGFPE: [libjvm.so+0x8b6400], sa_mask[0]=11111111011111111101111111111110, sa_flags=SA_RESTART|SA_SIGINFO
SIGPIPE: [libjvm.so+0x8b6400], sa_mask[0]=11111111011111111101111111111110, sa_flags=SA_RESTART|SA_SIGINFO
SIGXFSZ: [libjvm.so+0x8b6400], sa_mask[0]=11111111011111111101111111111110, sa_flags=SA_RESTART|SA_SIGINFO
SIGILL: [libjvm.so+0x8b6400], sa_mask[0]=11111111011111111101111111111110, sa_flags=SA_RESTART|SA_SIGINFO
SIGUSR1: SIG_DFL, sa_mask[0]=00000000000000000000000000000000, sa_flags=none
SIGUSR2: [libjvm.so+0x8b62b0], sa_mask[0]=00000000000000000000000000000000, sa_flags=SA_RESTART|SA_SIGINFO
SIGHUP: [libjvm.so+0x8b6760], sa_mask[0]=11111111011111111101111111111110, sa_flags=SA_RESTART|SA_SIGINFO
SIGINT: [libjvm.so+0x8b6760], sa_mask[0]=11111111011111111101111111111110, sa_flags=SA_RESTART|SA_SIGINFO
SIGTERM: [libjvm.so+0x8b6760], sa_mask[0]=11111111011111111101111111111110, sa_flags=SA_RESTART|SA_SIGINFO
SIGQUIT: [libjvm.so+0x8b6760], sa_mask[0]=11111111011111111101111111111110, sa_flags=SA_RESTART|SA_SIGINFO


---------------  S Y S T E M  ---------------

OS:DISTRIB_ID=Ubuntu
DISTRIB_RELEASE=16.10
DISTRIB_CODENAME=yakkety
DISTRIB_DESCRIPTION="Ubuntu 16.10"

uname:Linux 4.8.0-37-generic #39-Ubuntu SMP Thu Jan 26 02:27:07 UTC 2017 x86_64
libc:glibc 2.24 NPTL 2.24 
rlimit: STACK 8515k, CORE 0k, NPROC 15160, NOFILE 65536, AS infinity
load average:0.52 0.20 0.12

/proc/meminfo:
MemTotal:        3925640 kB
MemFree:          103840 kB
MemAvailable:      12488 kB
Buffers:            1320 kB
Cached:            71284 kB
SwapCached:        31180 kB
Active:          3043168 kB
Inactive:         620472 kB
Active(anon):    3034360 kB
Inactive(anon):   606924 kB
Active(file):       8808 kB
Inactive(file):    13548 kB
Unevictable:          32 kB
Mlocked:              32 kB
SwapTotal:       4071420 kB
SwapFree:              0 kB
Dirty:               272 kB
Writeback:             0 kB
AnonPages:       3560392 kB
Mapped:            57188 kB
Shmem:             50172 kB
Slab:              66896 kB
SReclaimable:      30952 kB
SUnreclaim:        35944 kB
KernelStack:       12080 kB
PageTables:        45772 kB
NFS_Unstable:          0 kB
Bounce:                0 kB
WritebackTmp:          0 kB
CommitLimit:     6034240 kB
Committed_AS:   12068692 kB
VmallocTotal:   34359738367 kB
VmallocUsed:           0 kB
VmallocChunk:          0 kB
HardwareCorrupted:     0 kB
AnonHugePages:   1720320 kB
ShmemHugePages:        0 kB
ShmemPmdMapped:        0 kB
CmaTotal:              0 kB
CmaFree:               0 kB
HugePages_Total:       0
HugePages_Free:        0
HugePages_Rsvd:        0
HugePages_Surp:        0
Hugepagesize:       2048 kB
DirectMap4k:      106112 kB
DirectMap2M:     3969024 kB


CPU:total 4 (2 cores per cpu, 2 threads per core) family 6 model 42 stepping 7, cmov, cx8, fxsr, mmx, sse, sse2, sse3, ssse3, sse4.1, sse4.2, popcnt, avx, aes, clmul, ht, tsc, tscinvbit

/proc/cpuinfo:
processor	: 0
vendor_id	: GenuineIntel
cpu family	: 6
model		: 42
model name	: Intel(R) Core(TM) i5-2520M CPU @ 2.50GHz
stepping	: 7
microcode	: 0x29
cpu MHz		: 1057.891
cache size	: 3072 KB
physical id	: 0
siblings	: 4
core id		: 0
cpu cores	: 2
apicid		: 0
initial apicid	: 0
fpu		: yes
fpu_exception	: yes
cpuid level	: 13
wp		: yes
flags		: fpu vme de pse tsc msr pae mce cx8 apic sep mtrr pge mca cmov pat pse36 clflush dts acpi mmx fxsr sse sse2 ss ht tm pbe syscall nx rdtscp lm constant_tsc arch_perfmon pebs bts nopl xtopology nonstop_tsc aperfmperf eagerfpu pni pclmulqdq dtes64 monitor ds_cpl vmx smx est tm2 ssse3 cx16 xtpr pdcm pcid sse4_1 sse4_2 x2apic popcnt tsc_deadline_timer aes xsave avx lahf_lm epb tpr_shadow vnmi flexpriority ept vpid xsaveopt dtherm ida arat pln pts
bugs		:
bogomips	: 4984.32
clflush size	: 64
cache_alignment	: 64
address sizes	: 36 bits physical, 48 bits virtual
power management:

processor	: 1
vendor_id	: GenuineIntel
cpu family	: 6
model		: 42
model name	: Intel(R) Core(TM) i5-2520M CPU @ 2.50GHz
stepping	: 7
microcode	: 0x29
cpu MHz		: 1346.893
cache size	: 3072 KB
physical id	: 0
siblings	: 4
core id		: 0
cpu cores	: 2
apicid		: 1
initial apicid	: 1
fpu		: yes
fpu_exception	: yes
cpuid level	: 13
wp		: yes
flags		: fpu vme de pse tsc msr pae mce cx8 apic sep mtrr pge mca cmov pat pse36 clflush dts acpi mmx fxsr sse sse2 ss ht tm pbe syscall nx rdtscp lm constant_tsc arch_perfmon pebs bts nopl xtopology nonstop_tsc aperfmperf eagerfpu pni pclmulqdq dtes64 monitor ds_cpl vmx smx est tm2 ssse3 cx16 xtpr pdcm pcid sse4_1 sse4_2 x2apic popcnt tsc_deadline_timer aes xsave avx lahf_lm epb tpr_shadow vnmi flexpriority ept vpid xsaveopt dtherm ida arat pln pts
bugs		:
bogomips	: 4984.32
clflush size	: 64
cache_alignment	: 64
address sizes	: 36 bits physical, 48 bits virtual
power management:

processor	: 2
vendor_id	: GenuineIntel
cpu family	: 6
model		: 42
model name	: Intel(R) Core(TM) i5-2520M CPU @ 2.50GHz
stepping	: 7
microcode	: 0x29
cpu MHz		: 1188.964
cache size	: 3072 KB
physical id	: 0
siblings	: 4
core id		: 1
cpu cores	: 2
apicid		: 2
initial apicid	: 2
fpu		: yes
fpu_exception	: yes
cpuid level	: 13
wp		: yes
flags		: fpu vme de pse tsc msr pae mce cx8 apic sep mtrr pge mca cmov pat pse36 clflush dts acpi mmx fxsr sse sse2 ss ht tm pbe syscall nx rdtscp lm constant_tsc arch_perfmon pebs bts nopl xtopology nonstop_tsc aperfmperf eagerfpu pni pclmulqdq dtes64 monitor ds_cpl vmx smx est tm2 ssse3 cx16 xtpr pdcm pcid sse4_1 sse4_2 x2apic popcnt tsc_deadline_timer aes xsave avx lahf_lm epb tpr_shadow vnmi flexpriority ept vpid xsaveopt dtherm ida arat pln pts
bugs		:
bogomips	: 4984.32
clflush size	: 64
cache_alignment	: 64
address sizes	: 36 bits physical, 48 bits virtual
power management:

processor	: 3
vendor_id	: GenuineIntel
cpu family	: 6
model		: 42
model name	: Intel(R) Core(TM) i5-2520M CPU @ 2.50GHz
stepping	: 7
microcode	: 0x29
cpu MHz		: 1124.267
cache size	: 3072 KB
physical id	: 0
siblings	: 4
core id		: 1
cpu cores	: 2
apicid		: 3
initial apicid	: 3
fpu		: yes
fpu_exception	: yes
cpuid level	: 13
wp		: yes
flags		: fpu vme de pse tsc msr pae mce cx8 apic sep mtrr pge mca cmov pat pse36 clflush dts acpi mmx fxsr sse sse2 ss ht tm pbe syscall nx rdtscp lm constant_tsc arch_perfmon pebs bts nopl xtopology nonstop_tsc aperfmperf eagerfpu pni pclmulqdq dtes64 monitor ds_cpl vmx smx est tm2 ssse3 cx16 xtpr pdcm pcid sse4_1 sse4_2 x2apic popcnt tsc_deadline_timer aes xsave avx lahf_lm epb tpr_shadow vnmi flexpriority ept vpid xsaveopt dtherm ida arat pln pts
bugs		:
bogomips	: 4984.32
clflush size	: 64
cache_alignment	: 64
address sizes	: 36 bits physical, 48 bits virtual
power management:



Memory: 4k page, physical 3925640k(103716k free), swap 4071420k(0k free)

vm_info: OpenJDK 64-Bit Server VM (25.121-b13) for linux-amd64 JRE (1.8.0_121-8u121-b13-0ubuntu1.16.10.2-b13), built on Jan 23 2017 11:22:24 by "buildd" with gcc 6.2.0 20161005

time: Sun Feb 19 18:36:00 2017
elapsed time: 19 seconds (0d 0h 0m 19s)

